{
    "Label": "CPUUtilization",
    "Datapoints": [
        {
            "Timestamp": "2019-04-15T19:00:00Z",
            "Maximum": 1.66666666666667,
            "Unit": "Percent"
        },
        {
            "Timestamp": "2019-04-15T23:25:00Z",
            "Maximum": 1.77966101697875,
            "Unit": "Percent"
        },
        {
            "Timestamp": "2019-04-15T12:30:00Z",
            "Maximum": 1.7500000000291,
            "Unit": "Percent"
        },
        {
            "Timestamp": "2019-04-15T10:10:00Z",
            "Maximum": 1.72413793103448,
            "Unit": "Percent"
        },
        {
            "Timestamp": "2019-04-15T07:50:00Z",
            "Maximum": 1.66666666666667,
            "Unit": "Percent"
        },
        {
            "Timestamp": "2019-04-15T16:40:00Z",
            "Maximum": 1.693548387078,
            "Unit": "Percent"
        },
        {
            "Timestamp": "2019-04-15T21:05:00Z",
            "Maximum": 1.66666666666667,
            "Unit": "Percent"
        },
        {
            "Timestamp": "2019-04-15T14:20:00Z",
            "Maximum": 1.69491525423729,
            "Unit": "Percent"
        },
        {
            "Timestamp": "2019-04-15T18:45:00Z",
            "Maximum": 1.69491525423729,
            "Unit": "Percent"
        },
        {
            "Timestamp": "2019-04-15T12:00:00Z",
            "Maximum": 1.66666666666667,
            "Unit": "Percent"
        },
        {
            "Timestamp": "2019-04-15T16:25:00Z",
            "Maximum": 1.7499999999806,
            "Unit": "Percent"
        },
        {
            "Timestamp": "2019-04-15T05:30:00Z",
            "Maximum": 1.61290322580645,
            "Unit": "Percent"
        },
        {
            "Timestamp": "2019-04-15T22:55:00Z",
            "Maximum": 1.69491525423729,
            "Unit": "Percent"
        },
        {
            "Timestamp": "2019-04-15T03:10:00Z",
            "Maximum": 1.66666666666667,
            "Unit": "Percent"
        },
        {
            "Timestamp": "2019-04-15T20:35:00Z",
            "Maximum": 1.72131147539075,
            "Unit": "Percent"
        },
        {
            "Timestamp": "2019-04-15T00:50:00Z",
            "Maximum": 1.66666666666667,
            "Unit": "Percent"
        },
        {
            "Timestamp": "2019-04-15T09:40:00Z",
            "Maximum": 1.66666666666667,
            "Unit": "Percent"
        },
        {
            "Timestamp": "2019-04-15T14:05:00Z",
            "Maximum": 1.66666666666667,
            "Unit": "Percent"
        },
        {
            "Timestamp": "2019-04-15T07:20:00Z",
            "Maximum": 1.58333333330423,
            "Unit": "Percent"
        },
        {
            "Timestamp": "2019-04-15T11:45:00Z",
            "Maximum": 1.78571428571429,
            "Unit": "Percent"
        },
        {
            "Timestamp": "2019-04-15T13:15:00Z",
            "Maximum": 1.69491525423729,
            "Unit": "Percent"
        },
        {
            "Timestamp": "2019-04-15T06:45:00Z",
            "Maximum": 1.63934426229508,
            "Unit": "Percent"
        },
        {
            "Timestamp": "2019-04-15T04:25:00Z",
            "Maximum": 1.63934426229508,
            "Unit": "Percent"
        },
        {
            "Timestamp": "2019-04-15T05:00:00Z",
            "Maximum": 1.66666666666667,
            "Unit": "Percent"
        },
        {
            "Timestamp": "2019-04-15T02:05:00Z",
            "Maximum": 1.66666666666667,
            "Unit": "Percent"
        },
        {
            "Timestamp": "2019-04-15T02:40:00Z",
            "Maximum": 1.63934426229508,
            "Unit": "Percent"
        },
        {
            "Timestamp": "2019-04-15T10:55:00Z",
            "Maximum": 1.7499999999806,
            "Unit": "Percent"
        },
        {
            "Timestamp": "2019-04-15T00:20:00Z",
            "Maximum": 1.69491525423729,
            "Unit": "Percent"
        },
        {
            "Timestamp": "2019-04-15T08:35:00Z",
            "Maximum": 1.72131147543846,
            "Unit": "Percent"
        },
        {
            "Timestamp": "2019-04-15T22:10:00Z",
            "Maximum": 1.72131147543846,
            "Unit": "Percent"
        },
        {
            "Timestamp": "2019-04-15T06:15:00Z",
            "Maximum": 1.66666666666667,
            "Unit": "Percent"
        },
        {
            "Timestamp": "2019-04-15T19:50:00Z",
            "Maximum": 1.66666666666667,
            "Unit": "Percent"
        },
        {
            "Timestamp": "2019-04-15T03:55:00Z",
            "Maximum": 1.66666666666667,
            "Unit": "Percent"
        },
        {
            "Timestamp": "2019-04-15T17:30:00Z",
            "Maximum": 1.69491525423729,
            "Unit": "Percent"
        },
        {
            "Timestamp": "2019-04-15T01:35:00Z",
            "Maximum": 1.61016949154516,
            "Unit": "Percent"
        },
        {
            "Timestamp": "2019-04-15T15:10:00Z",
            "Maximum": 1.69491525423729,
            "Unit": "Percent"
        },
        {
            "Timestamp": "2019-04-15T04:15:00Z",
            "Maximum": 1.66666666666667,
            "Unit": "Percent"
        },
        {
            "Timestamp": "2019-04-15T16:20:00Z",
            "Maximum": 1.69491525423729,
            "Unit": "Percent"
        },
        {
            "Timestamp": "2019-04-15T14:00:00Z",
            "Maximum": 1.66666666666667,
            "Unit": "Percent"
        },
        {
            "Timestamp": "2019-04-15T01:55:00Z",
            "Maximum": 1.63934426229508,
            "Unit": "Percent"
        },
        {
            "Timestamp": "2019-04-15T18:25:00Z",
            "Maximum": 1.7500000000291,
            "Unit": "Percent"
        },
        {
            "Timestamp": "2019-04-15T11:40:00Z",
            "Maximum": 1.7500000000291,
            "Unit": "Percent"
        },
        {
            "Timestamp": "2019-04-15T16:05:00Z",
            "Maximum": 1.72131147539075,
            "Unit": "Percent"
        },
        {
            "Timestamp": "2019-04-15T12:50:00Z",
            "Maximum": 1.66666666666667,
            "Unit": "Percent"
        },
        {
            "Timestamp": "2019-04-15T10:30:00Z",
            "Maximum": 1.77966101692942,
            "Unit": "Percent"
        },
        {
            "Timestamp": "2019-04-15T08:10:00Z",
            "Maximum": 1.72413793103448,
            "Unit": "Percent"
        },
        {
            "Timestamp": "2019-04-15T13:45:00Z",
            "Maximum": 1.66666666666667,
            "Unit": "Percent"
        },
        {
            "Timestamp": "2019-04-15T09:20:00Z",
            "Maximum": 1.66666666666667,
            "Unit": "Percent"
        },
        {
            "Timestamp": "2019-04-15T07:00:00Z",
            "Maximum": 1.66666666666667,
            "Unit": "Percent"
        },
        {
            "Timestamp": "2019-04-15T11:25:00Z",
            "Maximum": 1.77966101692942,
            "Unit": "Percent"
        },
        {
            "Timestamp": "2019-04-15T04:40:00Z",
            "Maximum": 1.63934426229508,
            "Unit": "Percent"
        },
        {
            "Timestamp": "2019-04-15T09:05:00Z",
            "Maximum": 1.63934426229508,
            "Unit": "Percent"
        },
        {
            "Timestamp": "2019-04-15T05:50:00Z",
            "Maximum": 1.61290322580645,
            "Unit": "Percent"
        },
        {
            "Timestamp": "2019-04-15T23:15:00Z",
            "Maximum": 1.63934426229508,
            "Unit": "Percent"
        },
        {
            "Timestamp": "2019-04-15T03:30:00Z",
            "Maximum": 1.66666666666667,
            "Unit": "Percent"
        },
        {
            "Timestamp": "2019-04-15T01:10:00Z",
            "Maximum": 1.66666666666667,
            "Unit": "Percent"
        },
        {
            "Timestamp": "2019-04-15T01:45:00Z",
            "Maximum": 1.61016949154516,
            "Unit": "Percent"
        },
        {
            "Timestamp": "2019-04-15T02:20:00Z",
            "Maximum": 1.69491525423729,
            "Unit": "Percent"
        },
        {
            "Timestamp": "2019-04-15T18:15:00Z",
            "Maximum": 1.72131147539075,
            "Unit": "Percent"
        },
        {
            "Timestamp": "2019-04-15T15:55:00Z",
            "Maximum": 1.69491525423729,
            "Unit": "Percent"
        },
        {
            "Timestamp": "2019-04-15T00:00:00Z",
            "Maximum": 1.66666666666667,
            "Unit": "Percent"
        },
        {
            "Timestamp": "2019-04-15T13:35:00Z",
            "Maximum": 1.66666666666667,
            "Unit": "Percent"
        },
        {
            "Timestamp": "2019-04-15T11:15:00Z",
            "Maximum": 1.7499999999806,
            "Unit": "Percent"
        },
        {
            "Timestamp": "2019-04-15T08:55:00Z",
            "Maximum": 1.66666666666667,
            "Unit": "Percent"
        },
        {
            "Timestamp": "2019-04-15T22:30:00Z",
            "Maximum": 1.80327868853413,
            "Unit": "Percent"
        },
        {
            "Timestamp": "2019-04-15T06:35:00Z",
            "Maximum": 1.63934426229508,
            "Unit": "Percent"
        },
        {
            "Timestamp": "2019-04-15T23:05:00Z",
            "Maximum": 1.7499999999806,
            "Unit": "Percent"
        },
        {
            "Timestamp": "2019-04-15T23:40:00Z",
            "Maximum": 1.66666666666667,
            "Unit": "Percent"
        },
        {
            "Timestamp": "2019-04-15T20:45:00Z",
            "Maximum": 1.69491525423729,
            "Unit": "Percent"
        },
        {
            "Timestamp": "2019-04-15T21:20:00Z",
            "Maximum": 1.72131147539075,
            "Unit": "Percent"
        },
        {
            "Timestamp": "2019-04-15T15:45:00Z",
            "Maximum": 1.7499999999806,
            "Unit": "Percent"
        },
        {
            "Timestamp": "2019-04-15T17:50:00Z",
            "Maximum": 1.69491525423729,
            "Unit": "Percent"
        },
        {
            "Timestamp": "2019-04-15T22:15:00Z",
            "Maximum": 1.7500000000291,
            "Unit": "Percent"
        },
        {
            "Timestamp": "2019-04-15T00:10:00Z",
            "Maximum": 1.66666666666667,
            "Unit": "Percent"
        },
        {
            "Timestamp": "2019-04-15T04:35:00Z",
            "Maximum": 1.66666666666667,
            "Unit": "Percent"
        },
        {
            "Timestamp": "2019-04-15T09:00:00Z",
            "Maximum": 1.69491525423729,
            "Unit": "Percent"
        },
        {
            "Timestamp": "2019-04-15T22:00:00Z",
            "Maximum": 1.83333333334303,
            "Unit": "Percent"
        },
        {
            "Timestamp": "2019-04-15T11:05:00Z",
            "Maximum": 1.7500000000291,
            "Unit": "Percent"
        },
        {
            "Timestamp": "2019-04-15T04:20:00Z",
            "Maximum": 1.61016949154516,
            "Unit": "Percent"
        },
        {
            "Timestamp": "2019-04-15T13:10:00Z",
            "Maximum": 1.66666666666667,
            "Unit": "Percent"
        },
        {
            "Timestamp": "2019-04-15T17:35:00Z",
            "Maximum": 1.7500000000291,
            "Unit": "Percent"
        },
        {
            "Timestamp": "2019-04-15T06:25:00Z",
            "Maximum": 1.69491525423729,
            "Unit": "Percent"
        },
        {
            "Timestamp": "2019-04-15T12:55:00Z",
            "Maximum": 1.69491525423729,
            "Unit": "Percent"
        },
        {
            "Timestamp": "2019-04-15T17:20:00Z",
            "Maximum": 1.7500000000291,
            "Unit": "Percent"
        },
        {
            "Timestamp": "2019-04-15T19:25:00Z",
            "Maximum": 1.72131147543846,
            "Unit": "Percent"
        },
        {
            "Timestamp": "2019-04-15T08:30:00Z",
            "Maximum": 1.69491525423729,
            "Unit": "Percent"
        },
        {
            "Timestamp": "2019-04-15T21:30:00Z",
            "Maximum": 1.72131147543846,
            "Unit": "Percent"
        },
        {
            "Timestamp": "2019-04-15T05:35:00Z",
            "Maximum": 1.58333333335274,
            "Unit": "Percent"
        },
        {
            "Timestamp": "2019-04-15T12:05:00Z",
            "Maximum": 1.66666666666667,
            "Unit": "Percent"
        },
        {
            "Timestamp": "2019-04-15T03:50:00Z",
            "Maximum": 1.61016949149583,
            "Unit": "Percent"
        },
        {
            "Timestamp": "2019-04-15T12:40:00Z",
            "Maximum": 1.66666666666667,
            "Unit": "Percent"
        },
        {
            "Timestamp": "2019-04-15T18:35:00Z",
            "Maximum": 1.7500000000291,
            "Unit": "Percent"
        },
        {
            "Timestamp": "2019-04-15T08:00:00Z",
            "Maximum": 1.69491525423729,
            "Unit": "Percent"
        },
        {
            "Timestamp": "2019-04-15T16:50:00Z",
            "Maximum": 1.66666666666667,
            "Unit": "Percent"
        },
        {
            "Timestamp": "2019-04-15T00:55:00Z",
            "Maximum": 1.61290322580645,
            "Unit": "Percent"
        },
        {
            "Timestamp": "2019-04-15T07:25:00Z",
            "Maximum": 1.61016949149583,
            "Unit": "Percent"
        },
        {
            "Timestamp": "2019-04-15T20:25:00Z",
            "Maximum": 1.66666666666667,
            "Unit": "Percent"
        },
        {
            "Timestamp": "2019-04-15T21:00:00Z",
            "Maximum": 1.69491525423729,
            "Unit": "Percent"
        },
        {
            "Timestamp": "2019-04-15T13:55:00Z",
            "Maximum": 1.69491525423729,
            "Unit": "Percent"
        },
        {
            "Timestamp": "2019-04-15T02:45:00Z",
            "Maximum": 1.66666666666667,
            "Unit": "Percent"
        },
        {
            "Timestamp": "2019-04-15T03:20:00Z",
            "Maximum": 1.66666666666667,
            "Unit": "Percent"
        },
        {
            "Timestamp": "2019-04-15T12:10:00Z",
            "Maximum": 1.69491525423729,
            "Unit": "Percent"
        },
        {
            "Timestamp": "2019-04-15T09:15:00Z",
            "Maximum": 1.7499999999806,
            "Unit": "Percent"
        },
        {
            "Timestamp": "2019-04-15T07:30:00Z",
            "Maximum": 1.61016949149583,
            "Unit": "Percent"
        },
        {
            "Timestamp": "2019-04-15T11:55:00Z",
            "Maximum": 1.69491525423729,
            "Unit": "Percent"
        },
        {
            "Timestamp": "2019-04-15T06:20:00Z",
            "Maximum": 1.61016949154516,
            "Unit": "Percent"
        },
        {
            "Timestamp": "2019-04-15T08:25:00Z",
            "Maximum": 1.66666666666667,
            "Unit": "Percent"
        },
        {
            "Timestamp": "2019-04-15T20:30:00Z",
            "Maximum": 1.66666666666667,
            "Unit": "Percent"
        },
        {
            "Timestamp": "2019-04-15T02:50:00Z",
            "Maximum": 1.66666666666667,
            "Unit": "Percent"
        },
        {
            "Timestamp": "2019-04-15T19:20:00Z",
            "Maximum": 1.66666666666667,
            "Unit": "Percent"
        },
        {
            "Timestamp": "2019-04-15T07:15:00Z",
            "Maximum": 1.66666666666667,
            "Unit": "Percent"
        },
        {
            "Timestamp": "2019-04-15T20:15:00Z",
            "Maximum": 1.69491525423729,
            "Unit": "Percent"
        },
        {
            "Timestamp": "2019-04-15T21:25:00Z",
            "Maximum": 1.77966101692942,
            "Unit": "Percent"
        },
        {
            "Timestamp": "2019-04-15T01:40:00Z",
            "Maximum": 3.72881355929244,
            "Unit": "Percent"
        },
        {
            "Timestamp": "2019-04-15T02:35:00Z",
            "Maximum": 1.66666666666667,
            "Unit": "Percent"
        },
        {
            "Timestamp": "2019-04-15T14:40:00Z",
            "Maximum": 1.66666666666667,
            "Unit": "Percent"
        },
        {
            "Timestamp": "2019-04-15T15:50:00Z",
            "Maximum": 1.7500000000291,
            "Unit": "Percent"
        },
        {
            "Timestamp": "2019-04-15T03:45:00Z",
            "Maximum": 1.61016949154516,
            "Unit": "Percent"
        },
        {
            "Timestamp": "2019-04-15T16:45:00Z",
            "Maximum": 1.66666666666667,
            "Unit": "Percent"
        },
        {
            "Timestamp": "2019-04-15T11:10:00Z",
            "Maximum": 1.69491525423729,
            "Unit": "Percent"
        },
        {
            "Timestamp": "2019-04-15T15:35:00Z",
            "Maximum": 1.69491525423729,
            "Unit": "Percent"
        },
        {
            "Timestamp": "2019-04-15T09:25:00Z",
            "Maximum": 1.66666666666667,
            "Unit": "Percent"
        },
        {
            "Timestamp": "2019-04-15T10:00:00Z",
            "Maximum": 1.693548387078,
            "Unit": "Percent"
        },
        {
            "Timestamp": "2019-04-15T08:15:00Z",
            "Maximum": 1.7499999999806,
            "Unit": "Percent"
        },
        {
            "Timestamp": "2019-04-15T22:25:00Z",
            "Maximum": 1.72131147539075,
            "Unit": "Percent"
        },
        {
            "Timestamp": "2019-04-15T06:30:00Z",
            "Maximum": 1.63934426229508,
            "Unit": "Percent"
        },
        {
            "Timestamp": "2019-04-15T23:00:00Z",
            "Maximum": 1.7500000000291,
            "Unit": "Percent"
        },
        {
            "Timestamp": "2019-04-15T04:45:00Z",
            "Maximum": 1.66666666666667,
            "Unit": "Percent"
        },
        {
            "Timestamp": "2019-04-15T21:15:00Z",
            "Maximum": 1.69491525423729,
            "Unit": "Percent"
        },
        {
            "Timestamp": "2019-04-15T05:20:00Z",
            "Maximum": 1.58333333335274,
            "Unit": "Percent"
        },
        {
            "Timestamp": "2019-04-15T18:20:00Z",
            "Maximum": 1.66666666666667,
            "Unit": "Percent"
        },
        {
            "Timestamp": "2019-04-15T19:30:00Z",
            "Maximum": 1.72413793103448,
            "Unit": "Percent"
        },
        {
            "Timestamp": "2019-04-15T03:35:00Z",
            "Maximum": 1.61016949154516,
            "Unit": "Percent"
        },
        {
            "Timestamp": "2019-04-15T16:35:00Z",
            "Maximum": 1.7499999999806,
            "Unit": "Percent"
        },
        {
            "Timestamp": "2019-04-15T00:40:00Z",
            "Maximum": 1.72413793103448,
            "Unit": "Percent"
        },
        {
            "Timestamp": "2019-04-15T17:45:00Z",
            "Maximum": 1.66666666666667,
            "Unit": "Percent"
        },
        {
            "Timestamp": "2019-04-15T01:50:00Z",
            "Maximum": 1.58333333335274,
            "Unit": "Percent"
        },
        {
            "Timestamp": "2019-04-15T14:50:00Z",
            "Maximum": 1.69491525423729,
            "Unit": "Percent"
        },
        {
            "Timestamp": "2019-04-15T00:05:00Z",
            "Maximum": 1.66666666666667,
            "Unit": "Percent"
        },
        {
            "Timestamp": "2019-04-15T13:05:00Z",
            "Maximum": 1.63934426229508,
            "Unit": "Percent"
        },
        {
            "Timestamp": "2019-04-15T13:40:00Z",
            "Maximum": 1.63934426229508,
            "Unit": "Percent"
        },
        {
            "Timestamp": "2019-04-15T03:40:00Z",
            "Maximum": 1.61016949149583,
            "Unit": "Percent"
        },
        {
            "Timestamp": "2019-04-15T08:05:00Z",
            "Maximum": 1.69642857144936,
            "Unit": "Percent"
        },
        {
            "Timestamp": "2019-04-15T01:20:00Z",
            "Maximum": 1.63793103450283,
            "Unit": "Percent"
        },
        {
            "Timestamp": "2019-04-15T05:45:00Z",
            "Maximum": 1.63934426229508,
            "Unit": "Percent"
        },
        {
            "Timestamp": "2019-04-15T14:35:00Z",
            "Maximum": 1.72131147539075,
            "Unit": "Percent"
        },
        {
            "Timestamp": "2019-04-15T12:15:00Z",
            "Maximum": 1.69491525423729,
            "Unit": "Percent"
        },
        {
            "Timestamp": "2019-04-15T09:55:00Z",
            "Maximum": 1.66666666666667,
            "Unit": "Percent"
        },
        {
            "Timestamp": "2019-04-15T23:10:00Z",
            "Maximum": 1.72131147539075,
            "Unit": "Percent"
        },
        {
            "Timestamp": "2019-04-15T03:25:00Z",
            "Maximum": 1.61290322580645,
            "Unit": "Percent"
        },
        {
            "Timestamp": "2019-04-15T20:50:00Z",
            "Maximum": 1.66666666666667,
            "Unit": "Percent"
        },
        {
            "Timestamp": "2019-04-15T01:05:00Z",
            "Maximum": 1.66666666666667,
            "Unit": "Percent"
        },
        {
            "Timestamp": "2019-04-15T18:30:00Z",
            "Maximum": 1.77966101697875,
            "Unit": "Percent"
        },
        {
            "Timestamp": "2019-04-15T07:35:00Z",
            "Maximum": 1.61016949149583,
            "Unit": "Percent"
        },
        {
            "Timestamp": "2019-04-15T05:15:00Z",
            "Maximum": 1.66666666666667,
            "Unit": "Percent"
        },
        {
            "Timestamp": "2019-04-15T22:40:00Z",
            "Maximum": 1.7499999999806,
            "Unit": "Percent"
        },
        {
            "Timestamp": "2019-04-15T02:55:00Z",
            "Maximum": 1.61016949154516,
            "Unit": "Percent"
        },
        {
            "Timestamp": "2019-04-15T16:10:00Z",
            "Maximum": 1.63934426229508,
            "Unit": "Percent"
        },
        {
            "Timestamp": "2019-04-15T13:50:00Z",
            "Maximum": 1.66666666666667,
            "Unit": "Percent"
        },
        {
            "Timestamp": "2019-04-15T22:05:00Z",
            "Maximum": 1.69642857139739,
            "Unit": "Percent"
        },
        {
            "Timestamp": "2019-04-15T11:30:00Z",
            "Maximum": 1.77966101697875,
            "Unit": "Percent"
        },
        {
            "Timestamp": "2019-04-15T19:45:00Z",
            "Maximum": 1.69491525423729,
            "Unit": "Percent"
        },
        {
            "Timestamp": "2019-04-15T20:20:00Z",
            "Maximum": 1.69491525423729,
            "Unit": "Percent"
        },
        {
            "Timestamp": "2019-04-15T18:00:00Z",
            "Maximum": 1.72131147543846,
            "Unit": "Percent"
        },
        {
            "Timestamp": "2019-04-15T23:55:00Z",
            "Maximum": 1.66666666666667,
            "Unit": "Percent"
        },
        {
            "Timestamp": "2019-04-15T15:40:00Z",
            "Maximum": 1.69491525423729,
            "Unit": "Percent"
        },
        {
            "Timestamp": "2019-04-15T17:25:00Z",
            "Maximum": 1.7499999999806,
            "Unit": "Percent"
        },
        {
            "Timestamp": "2019-04-15T09:10:00Z",
            "Maximum": 1.66666666666667,
            "Unit": "Percent"
        },
        {
            "Timestamp": "2019-04-15T06:50:00Z",
            "Maximum": 1.61016949154516,
            "Unit": "Percent"
        },
        {
            "Timestamp": "2019-04-15T15:05:00Z",
            "Maximum": 1.7500000000291,
            "Unit": "Percent"
        },
        {
            "Timestamp": "2019-04-15T04:30:00Z",
            "Maximum": 1.66666666666667,
            "Unit": "Percent"
        },
        {
            "Timestamp": "2019-04-15T12:45:00Z",
            "Maximum": 1.69491525423729,
            "Unit": "Percent"
        },
        {
            "Timestamp": "2019-04-15T13:20:00Z",
            "Maximum": 1.69491525423729,
            "Unit": "Percent"
        },
        {
            "Timestamp": "2019-04-15T21:35:00Z",
            "Maximum": 1.7499999999806,
            "Unit": "Percent"
        },
        {
            "Timestamp": "2019-04-15T11:00:00Z",
            "Maximum": 1.66666666666667,
            "Unit": "Percent"
        },
        {
            "Timestamp": "2019-04-15T19:15:00Z",
            "Maximum": 1.63934426229508,
            "Unit": "Percent"
        },
        {
            "Timestamp": "2019-04-15T16:55:00Z",
            "Maximum": 1.66666666666667,
            "Unit": "Percent"
        },
        {
            "Timestamp": "2019-04-15T10:25:00Z",
            "Maximum": 1.7499999999806,
            "Unit": "Percent"
        },
        {
            "Timestamp": "2019-04-15T02:10:00Z",
            "Maximum": 1.66666666666667,
            "Unit": "Percent"
        },
        {
            "Timestamp": "2019-04-15T19:35:00Z",
            "Maximum": 1.72413793103448,
            "Unit": "Percent"
        },
        {
            "Timestamp": "2019-04-15T17:15:00Z",
            "Maximum": 1.63934426229508,
            "Unit": "Percent"
        },
        {
            "Timestamp": "2019-04-15T03:05:00Z",
            "Maximum": 1.63934426229508,
            "Unit": "Percent"
        },
        {
            "Timestamp": "2019-04-15T00:45:00Z",
            "Maximum": 1.69491525423729,
            "Unit": "Percent"
        },
        {
            "Timestamp": "2019-04-15T14:55:00Z",
            "Maximum": 1.66666666666667,
            "Unit": "Percent"
        },
        {
            "Timestamp": "2019-04-15T12:35:00Z",
            "Maximum": 1.7499999999806,
            "Unit": "Percent"
        },
        {
            "Timestamp": "2019-04-15T10:15:00Z",
            "Maximum": 1.69354838712494,
            "Unit": "Percent"
        },
        {
            "Timestamp": "2019-04-15T22:20:00Z",
            "Maximum": 1.7500000000291,
            "Unit": "Percent"
        },
        {
            "Timestamp": "2019-04-15T23:30:00Z",
            "Maximum": 1.76923076922181,
            "Unit": "Percent"
        },
        {
            "Timestamp": "2019-04-15T21:10:00Z",
            "Maximum": 1.63934426229508,
            "Unit": "Percent"
        },
        {
            "Timestamp": "2019-04-15T18:50:00Z",
            "Maximum": 1.77966101692942,
            "Unit": "Percent"
        },
        {
            "Timestamp": "2019-04-15T07:55:00Z",
            "Maximum": 1.66666666666667,
            "Unit": "Percent"
        },
        {
            "Timestamp": "2019-04-15T20:00:00Z",
            "Maximum": 1.66666666667549,
            "Unit": "Percent"
        },
        {
            "Timestamp": "2019-04-15T17:05:00Z",
            "Maximum": 1.63934426229508,
            "Unit": "Percent"
        },
        {
            "Timestamp": "2019-04-15T17:40:00Z",
            "Maximum": 1.63934426229508,
            "Unit": "Percent"
        },
        {
            "Timestamp": "2019-04-15T15:20:00Z",
            "Maximum": 1.7500000000291,
            "Unit": "Percent"
        },
        {
            "Timestamp": "2019-04-15T16:30:00Z",
            "Maximum": 1.77966101697875,
            "Unit": "Percent"
        },
        {
            "Timestamp": "2019-04-15T00:35:00Z",
            "Maximum": 1.7500000000291,
            "Unit": "Percent"
        },
        {
            "Timestamp": "2019-04-15T14:10:00Z",
            "Maximum": 1.66666666666667,
            "Unit": "Percent"
        },
        {
            "Timestamp": "2019-04-15T14:45:00Z",
            "Maximum": 1.69642857139739,
            "Unit": "Percent"
        },
        {
            "Timestamp": "2019-04-15T11:50:00Z",
            "Maximum": 1.69491525423729,
            "Unit": "Percent"
        },
        {
            "Timestamp": "2019-04-15T12:25:00Z",
            "Maximum": 1.7500000000291,
            "Unit": "Percent"
        },
        {
            "Timestamp": "2019-04-15T13:00:00Z",
            "Maximum": 1.66666666666667,
            "Unit": "Percent"
        },
        {
            "Timestamp": "2019-04-15T10:05:00Z",
            "Maximum": 1.71875000000909,
            "Unit": "Percent"
        },
        {
            "Timestamp": "2019-04-15T10:40:00Z",
            "Maximum": 1.69491525423729,
            "Unit": "Percent"
        },
        {
            "Timestamp": "2019-04-15T09:30:00Z",
            "Maximum": 1.66666666666667,
            "Unit": "Percent"
        },
        {
            "Timestamp": "2019-04-15T07:10:00Z",
            "Maximum": 1.66666666666667,
            "Unit": "Percent"
        },
        {
            "Timestamp": "2019-04-15T07:45:00Z",
            "Maximum": 1.58333333335274,
            "Unit": "Percent"
        },
        {
            "Timestamp": "2019-04-15T08:20:00Z",
            "Maximum": 1.69491525423729,
            "Unit": "Percent"
        },
        {
            "Timestamp": "2019-04-15T04:50:00Z",
            "Maximum": 1.58333333335274,
            "Unit": "Percent"
        },
        {
            "Timestamp": "2019-04-15T05:25:00Z",
            "Maximum": 1.63934426229508,
            "Unit": "Percent"
        },
        {
            "Timestamp": "2019-04-15T21:55:00Z",
            "Maximum": 1.66666666666667,
            "Unit": "Percent"
        },
        {
            "Timestamp": "2019-04-15T06:00:00Z",
            "Maximum": 1.66666666666667,
            "Unit": "Percent"
        },
        {
            "Timestamp": "2019-04-15T11:20:00Z",
            "Maximum": 1.69491525423729,
            "Unit": "Percent"
        },
        {
            "Timestamp": "2019-04-15T20:10:00Z",
            "Maximum": 1.7499999999806,
            "Unit": "Percent"
        },
        {
            "Timestamp": "2019-04-15T00:25:00Z",
            "Maximum": 1.72131147543846,
            "Unit": "Percent"
        },
        {
            "Timestamp": "2019-04-15T13:25:00Z",
            "Maximum": 1.69491525423729,
            "Unit": "Percent"
        },
        {
            "Timestamp": "2019-04-15T02:30:00Z",
            "Maximum": 1.72131147543846,
            "Unit": "Percent"
        },
        {
            "Timestamp": "2019-04-15T06:55:00Z",
            "Maximum": 1.66666666666667,
            "Unit": "Percent"
        },
        {
            "Timestamp": "2019-04-15T15:30:00Z",
            "Maximum": 1.77966101692942,
            "Unit": "Percent"
        },
        {
            "Timestamp": "2019-04-15T19:55:00Z",
            "Maximum": 1.66666666666667,
            "Unit": "Percent"
        },
        {
            "Timestamp": "2019-04-15T02:15:00Z",
            "Maximum": 1.69491525423729,
            "Unit": "Percent"
        },
        {
            "Timestamp": "2019-04-15T06:40:00Z",
            "Maximum": 1.63934426229508,
            "Unit": "Percent"
        },
        {
            "Timestamp": "2019-04-15T08:45:00Z",
            "Maximum": 1.69491525423729,
            "Unit": "Percent"
        },
        {
            "Timestamp": "2019-04-15T10:50:00Z",
            "Maximum": 1.69491525423729,
            "Unit": "Percent"
        },
        {
            "Timestamp": "2019-04-15T15:15:00Z",
            "Maximum": 1.66666666666667,
            "Unit": "Percent"
        },
        {
            "Timestamp": "2019-04-15T19:40:00Z",
            "Maximum": 1.69491525423729,
            "Unit": "Percent"
        },
        {
            "Timestamp": "2019-04-15T21:45:00Z",
            "Maximum": 1.7499999999806,
            "Unit": "Percent"
        },
        {
            "Timestamp": "2019-04-15T02:00:00Z",
            "Maximum": 1.66666666666667,
            "Unit": "Percent"
        },
        {
            "Timestamp": "2019-04-15T15:00:00Z",
            "Maximum": 1.77966101697875,
            "Unit": "Percent"
        },
        {
            "Timestamp": "2019-04-15T23:50:00Z",
            "Maximum": 1.7500000000291,
            "Unit": "Percent"
        },
        {
            "Timestamp": "2019-04-15T04:05:00Z",
            "Maximum": 1.63934426229508,
            "Unit": "Percent"
        },
        {
            "Timestamp": "2019-04-15T20:55:00Z",
            "Maximum": 1.66666666666667,
            "Unit": "Percent"
        },
        {
            "Timestamp": "2019-04-15T06:10:00Z",
            "Maximum": 1.66666666666667,
            "Unit": "Percent"
        },
        {
            "Timestamp": "2019-04-15T14:25:00Z",
            "Maximum": 1.72413793103448,
            "Unit": "Percent"
        },
        {
            "Timestamp": "2019-04-15T09:45:00Z",
            "Maximum": 1.63934426229508,
            "Unit": "Percent"
        },
        {
            "Timestamp": "2019-04-15T10:20:00Z",
            "Maximum": 1.77966101692942,
            "Unit": "Percent"
        },
        {
            "Timestamp": "2019-04-15T19:10:00Z",
            "Maximum": 1.83333333334303,
            "Unit": "Percent"
        },
        {
            "Timestamp": "2019-04-15T03:15:00Z",
            "Maximum": 1.61016949149583,
            "Unit": "Percent"
        },
        {
            "Timestamp": "2019-04-15T16:15:00Z",
            "Maximum": 1.66666666666667,
            "Unit": "Percent"
        },
        {
            "Timestamp": "2019-04-15T01:30:00Z",
            "Maximum": 1.61016949154516,
            "Unit": "Percent"
        },
        {
            "Timestamp": "2019-04-15T14:30:00Z",
            "Maximum": 1.69491525423729,
            "Unit": "Percent"
        },
        {
            "Timestamp": "2019-04-15T22:45:00Z",
            "Maximum": 1.72131147543846,
            "Unit": "Percent"
        },
        {
            "Timestamp": "2019-04-15T23:20:00Z",
            "Maximum": 1.8852459016298,
            "Unit": "Percent"
        },
        {
            "Timestamp": "2019-04-15T05:05:00Z",
            "Maximum": 1.63934426229508,
            "Unit": "Percent"
        },
        {
            "Timestamp": "2019-04-15T05:40:00Z",
            "Maximum": 1.58333333335274,
            "Unit": "Percent"
        },
        {
            "Timestamp": "2019-04-15T18:40:00Z",
            "Maximum": 1.63934426229508,
            "Unit": "Percent"
        },
        {
            "Timestamp": "2019-04-15T11:35:00Z",
            "Maximum": 1.72131147543846,
            "Unit": "Percent"
        },
        {
            "Timestamp": "2019-04-15T01:00:00Z",
            "Maximum": 1.61016949154516,
            "Unit": "Percent"
        },
        {
            "Timestamp": "2019-04-15T09:50:00Z",
            "Maximum": 1.66666666666667,
            "Unit": "Percent"
        },
        {
            "Timestamp": "2019-04-15T18:05:00Z",
            "Maximum": 1.66666666666667,
            "Unit": "Percent"
        },
        {
            "Timestamp": "2019-04-15T08:40:00Z",
            "Maximum": 1.69491525423729,
            "Unit": "Percent"
        },
        {
            "Timestamp": "2019-04-15T09:35:00Z",
            "Maximum": 1.69491525423729,
            "Unit": "Percent"
        },
        {
            "Timestamp": "2019-04-15T21:40:00Z",
            "Maximum": 1.66666666666667,
            "Unit": "Percent"
        },
        {
            "Timestamp": "2019-04-15T10:45:00Z",
            "Maximum": 1.7500000000291,
            "Unit": "Percent"
        },
        {
            "Timestamp": "2019-04-15T22:50:00Z",
            "Maximum": 1.7500000000291,
            "Unit": "Percent"
        },
        {
            "Timestamp": "2019-04-15T23:45:00Z",
            "Maximum": 1.72131147539075,
            "Unit": "Percent"
        },
        {
            "Timestamp": "2019-04-15T04:00:00Z",
            "Maximum": 1.66666666666667,
            "Unit": "Percent"
        },
        {
            "Timestamp": "2019-04-15T05:10:00Z",
            "Maximum": 1.63934426229508,
            "Unit": "Percent"
        },
        {
            "Timestamp": "2019-04-15T06:05:00Z",
            "Maximum": 1.72131147543846,
            "Unit": "Percent"
        },
        {
            "Timestamp": "2019-04-15T18:10:00Z",
            "Maximum": 1.66666666666667,
            "Unit": "Percent"
        },
        {
            "Timestamp": "2019-04-15T22:35:00Z",
            "Maximum": 1.7500000000291,
            "Unit": "Percent"
        },
        {
            "Timestamp": "2019-04-15T00:30:00Z",
            "Maximum": 1.63934426229508,
            "Unit": "Percent"
        },
        {
            "Timestamp": "2019-04-15T17:00:00Z",
            "Maximum": 1.66666666666667,
            "Unit": "Percent"
        },
        {
            "Timestamp": "2019-04-15T04:55:00Z",
            "Maximum": 1.58333333335274,
            "Unit": "Percent"
        },
        {
            "Timestamp": "2019-04-15T19:05:00Z",
            "Maximum": 1.63934426229508,
            "Unit": "Percent"
        },
        {
            "Timestamp": "2019-04-15T01:25:00Z",
            "Maximum": 1.66666666666667,
            "Unit": "Percent"
        },
        {
            "Timestamp": "2019-04-15T13:30:00Z",
            "Maximum": 1.66666666666667,
            "Unit": "Percent"
        },
        {
            "Timestamp": "2019-04-15T17:55:00Z",
            "Maximum": 1.66666666666667,
            "Unit": "Percent"
        },
        {
            "Timestamp": "2019-04-15T12:20:00Z",
            "Maximum": 1.69491525423729,
            "Unit": "Percent"
        },
        {
            "Timestamp": "2019-04-15T00:15:00Z",
            "Maximum": 1.69354838712494,
            "Unit": "Percent"
        },
        {
            "Timestamp": "2019-04-15T10:35:00Z",
            "Maximum": 1.7500000000291,
            "Unit": "Percent"
        },
        {
            "Timestamp": "2019-04-15T07:40:00Z",
            "Maximum": 1.58333333335274,
            "Unit": "Percent"
        },
        {
            "Timestamp": "2019-04-15T23:35:00Z",
            "Maximum": 1.77966101692942,
            "Unit": "Percent"
        },
        {
            "Timestamp": "2019-04-15T08:50:00Z",
            "Maximum": 1.66666666666667,
            "Unit": "Percent"
        },
        {
            "Timestamp": "2019-04-15T21:50:00Z",
            "Maximum": 1.69354838712494,
            "Unit": "Percent"
        },
        {
            "Timestamp": "2019-04-15T05:55:00Z",
            "Maximum": 1.58333333330423,
            "Unit": "Percent"
        },
        {
            "Timestamp": "2019-04-15T07:05:00Z",
            "Maximum": 1.61016949154516,
            "Unit": "Percent"
        },
        {
            "Timestamp": "2019-04-15T20:05:00Z",
            "Maximum": 1.69491525423729,
            "Unit": "Percent"
        },
        {
            "Timestamp": "2019-04-15T04:10:00Z",
            "Maximum": 1.69491525423729,
            "Unit": "Percent"
        },
        {
            "Timestamp": "2019-04-15T20:40:00Z",
            "Maximum": 1.7499999999806,
            "Unit": "Percent"
        },
        {
            "Timestamp": "2019-04-15T02:25:00Z",
            "Maximum": 1.61016949154516,
            "Unit": "Percent"
        },
        {
            "Timestamp": "2019-04-15T03:00:00Z",
            "Maximum": 1.66666666666667,
            "Unit": "Percent"
        },
        {
            "Timestamp": "2019-04-15T18:55:00Z",
            "Maximum": 1.66666666666667,
            "Unit": "Percent"
        },
        {
            "Timestamp": "2019-04-15T17:10:00Z",
            "Maximum": 1.66666666666667,
            "Unit": "Percent"
        },
        {
            "Timestamp": "2019-04-15T01:15:00Z",
            "Maximum": 1.66666666666667,
            "Unit": "Percent"
        },
        {
            "Timestamp": "2019-04-15T15:25:00Z",
            "Maximum": 1.72413793103448,
            "Unit": "Percent"
        },
        {
            "Timestamp": "2019-04-15T16:00:00Z",
            "Maximum": 1.7500000000291,
            "Unit": "Percent"
        },
        {
            "Timestamp": "2019-04-15T14:15:00Z",
            "Maximum": 1.66666666666667,
            "Unit": "Percent"
        }
    ]
}
